<?xml version="1.0" encoding="UTF-8"?>
<!-- Generated by org.testng.reporters.JUnitReportReporter -->
<testsuite hostname="LAPTOP-O5QB53EQ" failures="0" tests="1" name="test.VerifyPostMethod" time="2.748" errors="0" timestamp="2022-06-09T09:59:44 IST" skipped="0">
  <testcase classname="test.VerifyPostMethod" name="TestCreateMethod" time="2.748"/>
</testsuite> <!-- test.VerifyPostMethod -->
