<?xml version="1.0" encoding="UTF-8"?>
<!-- Generated by org.testng.reporters.JUnitReportReporter -->
<testsuite hostname="LAPTOP-O5QB53EQ" failures="0" tests="1" name="test.AuthPost" time="2.845" errors="0" timestamp="2022-06-09T13:33:10 IST" skipped="0">
  <testcase classname="test.AuthPost" name="TestPostMethod" time="2.845"/>
</testsuite> <!-- test.AuthPost -->
