<?xml version="1.0" encoding="UTF-8"?>
<!-- Generated by org.testng.reporters.JUnitReportReporter -->
<testsuite hostname="LAPTOP-O5QB53EQ" failures="0" tests="1" name="test.VerifyPost" time="1.898" errors="0" timestamp="2022-06-09T10:31:52 IST" skipped="0">
  <testcase classname="test.VerifyPost" name="TestPostMethod" time="1.898"/>
</testsuite> <!-- test.VerifyPost -->
