<?xml version="1.0" encoding="UTF-8"?>
<!-- Generated by org.testng.reporters.JUnitReportReporter -->
<testsuite hostname="LAPTOP-O5QB53EQ" failures="0" tests="1" name="test.AuthPut" time="2.554" errors="0" timestamp="2022-06-09T13:40:26 IST" skipped="0">
  <testcase classname="test.AuthPut" name="TestPutMethod" time="2.554"/>
</testsuite> <!-- test.AuthPut -->
