<?xml version="1.0" encoding="UTF-8"?>
<!-- Generated by org.testng.reporters.JUnitReportReporter -->
<testsuite hostname="LAPTOP-O5QB53EQ" failures="0" tests="4" name="test.VerifyAll" time="5.467" errors="0" timestamp="2022-06-10T15:12:18 IST" skipped="1">
  <testcase classname="test.VerifyAll" name="Delete" time="2.754"/>
  <testcase classname="test.VerifyAll" name="Put" time="1.429"/>
  <testcase classname="test.VerifyAll" name="GetMethod" time="1.284"/>
  <testcase classname="test.VerifyAll" name="CreateMEthod">
    <skipped/>
  </testcase> <!-- CreateMEthod -->
</testsuite> <!-- test.VerifyAll -->
