<?xml version="1.0" encoding="UTF-8"?>
<!-- Generated by org.testng.reporters.JUnitReportReporter -->
<testsuite hostname="LAPTOP-O5QB53EQ" failures="0" tests="1" name="test.AuthGet" time="2.633" errors="0" timestamp="2022-06-09T13:23:57 IST" skipped="0">
  <testcase classname="test.AuthGet" name="TestGetMethod" time="2.633"/>
</testsuite> <!-- test.AuthGet -->
