<?xml version="1.0" encoding="UTF-8"?>
<!-- Generated by org.testng.reporters.JUnitReportReporter -->
<testsuite hostname="INLEN8520024308" failures="0" tests="1" name="test.ActiGet" time="4.587" errors="0" timestamp="2022-06-18T14:11:31 IST" skipped="0">
  <testcase classname="test.ActiGet" name="TestgetMethod" time="4.587"/>
</testsuite> <!-- test.ActiGet -->
