<?xml version="1.0" encoding="UTF-8"?>
<!-- Generated by org.testng.reporters.JUnitReportReporter -->
<testsuite hostname="LAPTOP-O5QB53EQ" failures="0" tests="1" name="test.VerifyPutMethod" time="2.934" errors="0" timestamp="2022-06-13T14:22:26 IST" skipped="0">
  <testcase classname="test.VerifyPutMethod" name="TestPutMethod" time="2.934"/>
</testsuite> <!-- test.VerifyPutMethod -->
