<?xml version="1.0" encoding="UTF-8"?>
<!-- Generated by org.testng.reporters.JUnitReportReporter -->
<testsuite hostname="LAPTOP-O5QB53EQ" failures="0" tests="1" name="test.ActiPut" time="2.631" errors="0" timestamp="2022-06-09T12:29:31 IST" skipped="0">
  <testcase classname="test.ActiPut" name="TestPutMethod" time="2.631"/>
</testsuite> <!-- test.ActiPut -->
