<?xml version="1.0" encoding="UTF-8"?>
<!-- Generated by org.testng.reporters.JUnitReportReporter -->
<testsuite hostname="LAPTOP-O5QB53EQ" failures="0" tests="1" name="test.VerifyDeleteMethod" time="3.598" errors="0" timestamp="2022-06-09T08:58:03 IST" skipped="0">
  <testcase classname="test.VerifyDeleteMethod" name="TestDeleteMethod" time="3.598"/>
</testsuite> <!-- test.VerifyDeleteMethod -->
