<?xml version="1.0" encoding="UTF-8"?>
<!-- Generated by org.testng.reporters.JUnitReportReporter -->
<testsuite hostname="LAPTOP-O5QB53EQ" failures="0" tests="4" name="test.VerifyUsers" time="4.991" errors="0" timestamp="2022-06-13T14:21:25 IST" skipped="1">
  <testcase classname="test.VerifyUsers" name="TestPut" time="2.715"/>
  <testcase classname="test.VerifyUsers" name="TestPost" time="1.138"/>
  <testcase classname="test.VerifyUsers" name="TestGet" time="1.138"/>
  <testcase classname="test.VerifyUsers" name="TestDelete">
    <skipped/>
  </testcase> <!-- TestDelete -->
</testsuite> <!-- test.VerifyUsers -->
