<?xml version="1.0" encoding="UTF-8"?>
<!-- Generated by org.testng.reporters.JUnitReportReporter -->
<testsuite hostname="LAPTOP-O5QB53EQ" failures="0" tests="4" name="test.VerifyCoverPhoto" time="7.048" errors="0" timestamp="2022-06-13T12:19:36 IST" skipped="0">
  <testcase classname="test.VerifyCoverPhoto" name="Testdelete" time="3.004"/>
  <testcase classname="test.VerifyCoverPhoto" name="Testget" time="1.295"/>
  <testcase classname="test.VerifyCoverPhoto" name="Testput" time="1.457"/>
  <testcase classname="test.VerifyCoverPhoto" name="Testpost" time="1.292"/>
</testsuite> <!-- test.VerifyCoverPhoto -->
