<?xml version="1.0" encoding="UTF-8"?>
<!-- Generated by org.testng.reporters.JUnitReportReporter -->
<testsuite hostname="LAPTOP-O5QB53EQ" failures="0" tests="1" name="test.VerifyPatch" time="1.897" errors="0" timestamp="2022-06-09T12:05:28 IST" skipped="0">
  <testcase classname="test.VerifyPatch" name="TestPatchMethod" time="1.897"/>
</testsuite> <!-- test.VerifyPatch -->
