<?xml version="1.0" encoding="UTF-8"?>
<!-- Generated by org.testng.reporters.JUnitReportReporter -->
<testsuite hostname="INLEN8520024308" failures="0" tests="1" name="test.ActiDelete" time="7.242" errors="0" timestamp="2022-06-18T14:10:29 IST" skipped="0">
  <testcase classname="test.ActiDelete" name="TestDeleteMethod" time="7.242"/>
</testsuite> <!-- test.ActiDelete -->
