<?xml version="1.0" encoding="UTF-8"?>
<!-- Generated by org.testng.reporters.JUnitReportReporter -->
<testsuite hostname="LAPTOP-O5QB53EQ" failures="0" tests="1" name="test.AuthDelete" time="2.689" errors="0" timestamp="2022-06-09T13:41:43 IST" skipped="0">
  <testcase classname="test.AuthDelete" name="TestPutMethod" time="2.689"/>
</testsuite> <!-- test.AuthDelete -->
