<?xml version="1.0" encoding="UTF-8"?>
<!-- Generated by org.testng.reporters.JUnitReportReporter -->
<testsuite hostname="LAPTOP-O5QB53EQ" failures="0" tests="1" name="test.VerifyDelete" time="1.742" errors="0" timestamp="2022-06-09T12:08:29 IST" skipped="0">
  <testcase classname="test.VerifyDelete" name="TestDeleteMethod" time="1.742"/>
</testsuite> <!-- test.VerifyDelete -->
