<?xml version="1.0" encoding="UTF-8"?>
<!-- Generated by org.testng.reporters.JUnitReportReporter -->
<testsuite hostname="LAPTOP-O5QB53EQ" failures="0" tests="4" name="test.VerifyBooks" time="7.466" errors="0" timestamp="2022-06-13T11:37:11 IST" skipped="0">
  <testcase classname="test.VerifyBooks" name="TestPut" time="2.905"/>
  <testcase classname="test.VerifyBooks" name="TestPost" time="1.613"/>
  <testcase classname="test.VerifyBooks" name="TestDelete" time="1.609"/>
  <testcase classname="test.VerifyBooks" name="TestGet" time="1.339"/>
</testsuite> <!-- test.VerifyBooks -->
