<?xml version="1.0" encoding="UTF-8"?>
<!-- Generated by org.testng.reporters.JUnitReportReporter -->
<testsuite hostname="LAPTOP-O5QB53EQ" failures="0" tests="1" name="test.VerifyPut" time="1.803" errors="0" timestamp="2022-06-09T12:01:32 IST" skipped="0">
  <testcase classname="test.VerifyPut" name="TestPutMethod" time="1.803"/>
</testsuite> <!-- test.VerifyPut -->
