<?xml version="1.0" encoding="UTF-8"?>
<!-- Generated by org.testng.reporters.JUnitReportReporter -->
<testsuite hostname="LAPTOP-O5QB53EQ" failures="0" tests="1" name="test.VerifyGetMethod" time="0.009" errors="0" timestamp="2022-06-09T09:14:21 IST" skipped="0">
  <testcase classname="test.VerifyGetMethod" name="TestGetMethod" time="0.009"/>
</testsuite> <!-- test.VerifyGetMethod -->
