<?xml version="1.0" encoding="UTF-8"?>
<!-- Generated by org.testng.reporters.JUnitReportReporter -->
<testsuite hostname="LAPTOP-O5QB53EQ" failures="0" tests="1" name="test.ActiPost" time="2.425" errors="0" timestamp="2022-06-09T12:18:49 IST" skipped="0">
  <testcase classname="test.ActiPost" name="TestPostMethod" time="2.425"/>
</testsuite> <!-- test.ActiPost -->
