<?xml version="1.0" encoding="UTF-8"?>
<!-- Generated by org.testng.reporters.JUnitReportReporter -->
<testsuite hostname="LAPTOP-O5QB53EQ" failures="0" tests="1" name="test.VerifyGet" time="2.094" errors="0" timestamp="2022-06-09T10:15:59 IST" skipped="0">
  <testcase classname="test.VerifyGet" name="TestgetMethod" time="2.094"/>
</testsuite> <!-- test.VerifyGet -->
